Flow report for HD6309_glue_top
Wed Jan 22 14:49:33 2020
Quartus II 64-Bit Version 13.0.1 Build 232 06/12/2013 Service Pack 1 SJ Web Edition


---------------------
; Table of Contents ;
---------------------
  1. Legal Notice
  2. Flow Summary
  3. Flow Settings
  4. Flow Non-Default Global Settings
  5. Flow Elapsed Time
  6. Flow OS Summary
  7. Flow Log
  8. Flow Messages
  9. Flow Suppressed Messages



----------------
; Legal Notice ;
----------------
Copyright (C) 1991-2013 Altera Corporation
Your use of Altera Corporation's design tools, logic functions 
and other software and tools, and its AMPP partner logic 
functions, and any output files from any of the foregoing 
(including device programming or simulation files), and any 
associated documentation or information are expressly subject 
to the terms and conditions of the Altera Program License 
Subscription Agreement, Altera MegaCore Function License 
Agreement, or other applicable license agreement, including, 
without limitation, that your use is for the sole purpose of 
programming logic devices manufactured by Altera and sold by 
Altera or its authorized distributors.  Please refer to the 
applicable agreement for further details.



+-----------------------------------------------------------------------------+
; Flow Summary                                                                ;
+---------------------------+-------------------------------------------------+
; Flow Status               ; Successful - Wed Jan 22 14:49:33 2020           ;
; Quartus II 64-Bit Version ; 13.0.1 Build 232 06/12/2013 SP 1 SJ Web Edition ;
; Revision Name             ; HD6309_glue_top                                 ;
; Top-level Entity Name     ; HD6309_glue_top                                 ;
; Family                    ; MAX7000S                                        ;
; Device                    ; EPM7128SLI84-10                                 ;
; Timing Models             ; Final                                           ;
; Total macrocells          ; 94 / 128 ( 73 % )                               ;
; Total pins                ; 60 / 68 ( 88 % )                                ;
+---------------------------+-------------------------------------------------+


+-----------------------------------------+
; Flow Settings                           ;
+-------------------+---------------------+
; Option            ; Setting             ;
+-------------------+---------------------+
; Start date & time ; 01/22/2020 14:49:23 ;
; Main task         ; Compilation         ;
; Revision Name     ; HD6309_glue_top     ;
+-------------------+---------------------+


+----------------------------------------------------------------------------------------------------------+
; Flow Non-Default Global Settings                                                                         ;
+--------------------------+--------------------------------+---------------+-------------+----------------+
; Assignment Name          ; Value                          ; Default Value ; Entity Name ; Section Id     ;
+--------------------------+--------------------------------+---------------+-------------+----------------+
; COMPILER_SIGNATURE_ID    ; 77537056329688.157972256306020 ; --            ; --          ; --             ;
; EDA_OUTPUT_DATA_FORMAT   ; Vhdl                           ; --            ; --          ; eda_simulation ;
; EDA_SIMULATION_TOOL      ; ModelSim-Altera (VHDL)         ; <None>        ; --          ; --             ;
; FITTER_EFFORT            ; Standard Fit                   ; Auto Fit      ; --          ; --             ;
; IP_TOOL_NAME             ; LPM_COUNTER                    ; --            ; --          ; --             ;
; IP_TOOL_NAME             ; LPM_COUNTER                    ; --            ; --          ; --             ;
; IP_TOOL_VERSION          ; 13.0                           ; --            ; --          ; --             ;
; IP_TOOL_VERSION          ; 13.0                           ; --            ; --          ; --             ;
; MISC_FILE                ; count3.cmp                     ; --            ; --          ; --             ;
; MISC_FILE                ; count4.cmp                     ; --            ; --          ; --             ;
; OPTIMIZE_HOLD_TIMING     ; Off                            ; --            ; --          ; --             ;
; PROJECT_OUTPUT_DIRECTORY ; output_files                   ; --            ; --          ; --             ;
+--------------------------+--------------------------------+---------------+-------------+----------------+


+-------------------------------------------------------------------------------------------------------------------------------+
; Flow Elapsed Time                                                                                                             ;
+---------------------------+--------------+-------------------------+---------------------+------------------------------------+
; Module Name               ; Elapsed Time ; Average Processors Used ; Peak Virtual Memory ; Total CPU Time (on all processors) ;
+---------------------------+--------------+-------------------------+---------------------+------------------------------------+
; Analysis & Synthesis      ; 00:00:03     ; 1.0                     ; 477 MB              ; 00:00:02                           ;
; Fitter                    ; 00:00:02     ; 1.0                     ; 507 MB              ; 00:00:01                           ;
; Assembler                 ; 00:00:00     ; 1.0                     ; 373 MB              ; 00:00:00                           ;
; TimeQuest Timing Analyzer ; 00:00:01     ; 1.0                     ; 383 MB              ; 00:00:01                           ;
; EDA Netlist Writer        ; 00:00:01     ; 1.0                     ; 350 MB              ; 00:00:00                           ;
; Total                     ; 00:00:07     ; --                      ; --                  ; 00:00:04                           ;
+---------------------------+--------------+-------------------------+---------------------+------------------------------------+


+----------------------------------------------------------------------------------------+
; Flow OS Summary                                                                        ;
+---------------------------+------------------+-----------+------------+----------------+
; Module Name               ; Machine Hostname ; OS Name   ; OS Version ; Processor type ;
+---------------------------+------------------+-----------+------------+----------------+
; Analysis & Synthesis      ; IFX-radar-HP     ; Windows 7 ; 6.1        ; x86_64         ;
; Fitter                    ; IFX-radar-HP     ; Windows 7 ; 6.1        ; x86_64         ;
; Assembler                 ; IFX-radar-HP     ; Windows 7 ; 6.1        ; x86_64         ;
; TimeQuest Timing Analyzer ; IFX-radar-HP     ; Windows 7 ; 6.1        ; x86_64         ;
; EDA Netlist Writer        ; IFX-radar-HP     ; Windows 7 ; 6.1        ; x86_64         ;
+---------------------------+------------------+-----------+------------+----------------+


------------
; Flow Log ;
------------
quartus_map --read_settings_files=on --write_settings_files=off HD6309_glue_top -c HD6309_glue_top
quartus_fit --read_settings_files=off --write_settings_files=off HD6309_glue_top -c HD6309_glue_top
quartus_asm --read_settings_files=off --write_settings_files=off HD6309_glue_top -c HD6309_glue_top
quartus_sta HD6309_glue_top -c HD6309_glue_top
quartus_eda --read_settings_files=off --write_settings_files=off HD6309_glue_top -c HD6309_glue_top



