Analysis & Synthesis report for mgfsc
Fri May 01 12:51:21 2020
Quartus II 64-Bit Version 13.0.1 Build 232 06/12/2013 Service Pack 1 SJ Web Edition


---------------------
; Table of Contents ;
---------------------
  1. Legal Notice
  2. Analysis & Synthesis Summary
  3. Analysis & Synthesis Settings
  4. Parallel Compilation
  5. Analysis & Synthesis Source Files Read
  6. Analysis & Synthesis Resource Usage Summary
  7. Analysis & Synthesis Resource Utilization by Entity
  8. Parameter Settings for User Entity Instance: lpm_counter:mgl_prim1
  9. Analysis & Synthesis Messages



----------------
; Legal Notice ;
----------------
Copyright (C) 1991-2013 Altera Corporation
Your use of Altera Corporation's design tools, logic functions 
and other software and tools, and its AMPP partner logic 
functions, and any output files from any of the foregoing 
(including device programming or simulation files), and any 
associated documentation or information are expressly subject 
to the terms and conditions of the Altera Program License 
Subscription Agreement, Altera MegaCore Function License 
Agreement, or other applicable license agreement, including, 
without limitation, that your use is for the sole purpose of 
programming logic devices manufactured by Altera and sold by 
Altera or its authorized distributors.  Please refer to the 
applicable agreement for further details.



+-------------------------------------------------------------------------------+
; Analysis & Synthesis Summary                                                  ;
+-----------------------------+-------------------------------------------------+
; Analysis & Synthesis Status ; Successful - Fri May 01 12:51:21 2020           ;
; Quartus II 64-Bit Version   ; 13.0.1 Build 232 06/12/2013 SP 1 SJ Web Edition ;
; Revision Name               ; mgfsc                                           ;
; Top-level Entity Name       ; mgfsc                                           ;
; Family                      ; MAX7000S                                        ;
; Total macrocells            ; 4                                               ;
; Total pins                  ; 6                                               ;
+-----------------------------+-------------------------------------------------+


+-----------------------------------------------------------------------------------------------------------+
; Analysis & Synthesis Settings                                                                             ;
+----------------------------------------------------------------------------+--------------+---------------+
; Option                                                                     ; Setting      ; Default Value ;
+----------------------------------------------------------------------------+--------------+---------------+
; Top-level entity name                                                      ; mgfsc        ; mgfsc         ;
; Family name                                                                ; MAX7000S     ; Cyclone IV GX ;
; Use smart compilation                                                      ; Off          ; Off           ;
; Enable parallel Assembler and TimeQuest Timing Analyzer during compilation ; On           ; On            ;
; Enable compact report table                                                ; Off          ; Off           ;
; Create Debugging Nodes for IP Cores                                        ; Off          ; Off           ;
; Preserve fewer node names                                                  ; On           ; On            ;
; Disable OpenCore Plus hardware evaluation                                  ; Off          ; Off           ;
; Verilog Version                                                            ; Verilog_2001 ; Verilog_2001  ;
; VHDL Version                                                               ; VHDL_1993    ; VHDL_1993     ;
; State Machine Processing                                                   ; Auto         ; Auto          ;
; Safe State Machine                                                         ; Off          ; Off           ;
; Extract Verilog State Machines                                             ; On           ; On            ;
; Extract VHDL State Machines                                                ; On           ; On            ;
; Ignore Verilog initial constructs                                          ; Off          ; Off           ;
; Iteration limit for constant Verilog loops                                 ; 5000         ; 5000          ;
; Iteration limit for non-constant Verilog loops                             ; 250          ; 250           ;
; Add Pass-Through Logic to Inferred RAMs                                    ; On           ; On            ;
; Infer RAMs from Raw Logic                                                  ; On           ; On            ;
; Parallel Synthesis                                                         ; On           ; On            ;
; NOT Gate Push-Back                                                         ; On           ; On            ;
; Power-Up Don't Care                                                        ; On           ; On            ;
; Remove Duplicate Registers                                                 ; On           ; On            ;
; Ignore CARRY Buffers                                                       ; Off          ; Off           ;
; Ignore CASCADE Buffers                                                     ; Off          ; Off           ;
; Ignore GLOBAL Buffers                                                      ; Off          ; Off           ;
; Ignore ROW GLOBAL Buffers                                                  ; Off          ; Off           ;
; Ignore LCELL Buffers                                                       ; Auto         ; Auto          ;
; Ignore SOFT Buffers                                                        ; Off          ; Off           ;
; Limit AHDL Integers to 32 Bits                                             ; Off          ; Off           ;
; Optimization Technique                                                     ; Speed        ; Speed         ;
; Allow XOR Gate Usage                                                       ; On           ; On            ;
; Auto Logic Cell Insertion                                                  ; On           ; On            ;
; Parallel Expander Chain Length                                             ; 4            ; 4             ;
; Auto Parallel Expanders                                                    ; On           ; On            ;
; Auto Open-Drain Pins                                                       ; On           ; On            ;
; Auto Resource Sharing                                                      ; Off          ; Off           ;
; Maximum Fan-in Per Macrocell                                               ; 100          ; 100           ;
; Use LogicLock Constraints during Resource Balancing                        ; On           ; On            ;
; Ignore translate_off and synthesis_off directives                          ; Off          ; Off           ;
; Report Parameter Settings                                                  ; On           ; On            ;
; Report Source Assignments                                                  ; On           ; On            ;
; Report Connectivity Checks                                                 ; On           ; On            ;
; HDL message level                                                          ; Level2       ; Level2        ;
; Suppress Register Optimization Related Messages                            ; Off          ; Off           ;
; Number of Removed Registers Reported in Synthesis Report                   ; 5000         ; 5000          ;
; Number of Swept Nodes Reported in Synthesis Report                         ; 5000         ; 5000          ;
; Number of Inverted Registers Reported in Synthesis Report                  ; 100          ; 100           ;
; Block Design Naming                                                        ; Auto         ; Auto          ;
; Synthesis Effort                                                           ; Auto         ; Auto          ;
; Shift Register Replacement - Allow Asynchronous Clear Signal               ; On           ; On            ;
; Pre-Mapping Resynthesis Optimization                                       ; Off          ; Off           ;
; Analysis & Synthesis Message Level                                         ; Medium       ; Medium        ;
; Disable Register Merging Across Hierarchies                                ; Auto         ; Auto          ;
; Synthesis Seed                                                             ; 1            ; 1             ;
+----------------------------------------------------------------------------+--------------+---------------+


+------------------------------------------+
; Parallel Compilation                     ;
+----------------------------+-------------+
; Processors                 ; Number      ;
+----------------------------+-------------+
; Number detected on machine ; 4           ;
; Maximum allowed            ; 2           ;
;                            ;             ;
; Average used               ; 1.00        ;
; Maximum used               ; 1           ;
;                            ;             ;
; Usage by Processor         ; % Time Used ;
;     Processor 1            ; 100.0%      ;
;     Processors 2-4         ;   0.0%      ;
+----------------------------+-------------+


+----------------------------------------------------------------------------------------------------------------------------------------------------------------------------------------------------------------------------------------------------------------------------------------------+
; Analysis & Synthesis Source Files Read                                                                                                                                                                                                                                                       ;
+--------------------------------------------------------------------------------------------------------------------+-----------------+------------------------+--------------------------------------------------------------------------------------------------------------------+---------+
; File Name with User-Entered Path                                                                                   ; Used in Netlist ; File Type              ; File Name with Absolute Path                                                                                       ; Library ;
+--------------------------------------------------------------------------------------------------------------------+-----------------+------------------------+--------------------------------------------------------------------------------------------------------------------+---------+
; C:/Users/IFX-radar/Documents/Projects/HD6309 sbc/Repo/hd6309sbc/Hardware/CPLD_1v41/greybox_tmp/greybox_tmp/mgfsc.v ; yes             ; User Verilog HDL File  ; C:/Users/IFX-radar/Documents/Projects/HD6309 sbc/Repo/hd6309sbc/Hardware/CPLD_1v41/greybox_tmp/greybox_tmp/mgfsc.v ;         ;
; lpm_counter.tdf                                                                                                    ; yes             ; Megafunction           ; c:/altera/13.0sp1/quartus/libraries/megafunctions/lpm_counter.tdf                                                  ;         ;
; lpm_constant.inc                                                                                                   ; yes             ; Megafunction           ; c:/altera/13.0sp1/quartus/libraries/megafunctions/lpm_constant.inc                                                 ;         ;
; lpm_decode.inc                                                                                                     ; yes             ; Megafunction           ; c:/altera/13.0sp1/quartus/libraries/megafunctions/lpm_decode.inc                                                   ;         ;
; lpm_add_sub.inc                                                                                                    ; yes             ; Megafunction           ; c:/altera/13.0sp1/quartus/libraries/megafunctions/lpm_add_sub.inc                                                  ;         ;
; cmpconst.inc                                                                                                       ; yes             ; Megafunction           ; c:/altera/13.0sp1/quartus/libraries/megafunctions/cmpconst.inc                                                     ;         ;
; lpm_compare.inc                                                                                                    ; yes             ; Megafunction           ; c:/altera/13.0sp1/quartus/libraries/megafunctions/lpm_compare.inc                                                  ;         ;
; lpm_counter.inc                                                                                                    ; yes             ; Megafunction           ; c:/altera/13.0sp1/quartus/libraries/megafunctions/lpm_counter.inc                                                  ;         ;
; dffeea.inc                                                                                                         ; yes             ; Megafunction           ; c:/altera/13.0sp1/quartus/libraries/megafunctions/dffeea.inc                                                       ;         ;
; alt_counter_stratix.inc                                                                                            ; yes             ; Megafunction           ; c:/altera/13.0sp1/quartus/libraries/megafunctions/alt_counter_stratix.inc                                          ;         ;
; aglobal130.inc                                                                                                     ; yes             ; Megafunction           ; c:/altera/13.0sp1/quartus/libraries/megafunctions/aglobal130.inc                                                   ;         ;
+--------------------------------------------------------------------------------------------------------------------+-----------------+------------------------+--------------------------------------------------------------------------------------------------------------------+---------+


+------------------------------------------------------+
; Analysis & Synthesis Resource Usage Summary          ;
+----------------------+-------------------------------+
; Resource             ; Usage                         ;
+----------------------+-------------------------------+
; Logic cells          ; 4                             ;
; Total registers      ; 4                             ;
; I/O pins             ; 6                             ;
; Maximum fan-out node ; lpm_counter:mgl_prim1|dffs[0] ;
; Maximum fan-out      ; 4                             ;
; Total fan-out        ; 18                            ;
; Average fan-out      ; 1.80                          ;
+----------------------+-------------------------------+


+----------------------------------------------------------------------------------------------+
; Analysis & Synthesis Resource Utilization by Entity                                          ;
+----------------------------+------------+------+------------------------------+--------------+
; Compilation Hierarchy Node ; Macrocells ; Pins ; Full Hierarchy Name          ; Library Name ;
+----------------------------+------------+------+------------------------------+--------------+
; |mgfsc                     ; 4          ; 6    ; |mgfsc                       ; work         ;
;    |lpm_counter:mgl_prim1| ; 4          ; 0    ; |mgfsc|lpm_counter:mgl_prim1 ; work         ;
+----------------------------+------------+------+------------------------------+--------------+


+--------------------------------------------------------------------+
; Parameter Settings for User Entity Instance: lpm_counter:mgl_prim1 ;
+------------------------+-------------+-----------------------------+
; Parameter Name         ; Value       ; Type                        ;
+------------------------+-------------+-----------------------------+
; AUTO_CARRY_CHAINS      ; ON          ; AUTO_CARRY                  ;
; IGNORE_CARRY_BUFFERS   ; OFF         ; IGNORE_CARRY                ;
; AUTO_CASCADE_CHAINS    ; ON          ; AUTO_CASCADE                ;
; IGNORE_CASCADE_BUFFERS ; OFF         ; IGNORE_CASCADE              ;
; LPM_WIDTH              ; 4           ; Signed Integer              ;
; LPM_DIRECTION          ; UP          ; Untyped                     ;
; LPM_MODULUS            ; 0           ; Untyped                     ;
; LPM_AVALUE             ; UNUSED      ; Untyped                     ;
; LPM_SVALUE             ; UNUSED      ; Untyped                     ;
; LPM_PORT_UPDOWN        ; PORT_UNUSED ; Untyped                     ;
; DEVICE_FAMILY          ; MAX7000S    ; Untyped                     ;
; CARRY_CHAIN            ; MANUAL      ; Untyped                     ;
; CARRY_CHAIN_LENGTH     ; 48          ; CARRY_CHAIN_LENGTH          ;
; NOT_GATE_PUSH_BACK     ; ON          ; NOT_GATE_PUSH_BACK          ;
; CARRY_CNT_EN           ; SMART       ; Untyped                     ;
; LABWIDE_SCLR           ; ON          ; Untyped                     ;
; USE_NEW_VERSION        ; TRUE        ; Untyped                     ;
; CBXI_PARAMETER         ; NOTHING     ; Untyped                     ;
+------------------------+-------------+-----------------------------+
Note: In order to hide this table in the UI and the text report file, please set the "Show Parameter Settings in Synthesis Report" option in "Analysis and Synthesis Settings -> More Settings" to "Off".


+-------------------------------+
; Analysis & Synthesis Messages ;
+-------------------------------+
Info: *******************************************************************
Info: Running Quartus II 64-Bit Analysis & Synthesis
    Info: Version 13.0.1 Build 232 06/12/2013 Service Pack 1 SJ Web Edition
    Info: Copyright (C) 1991-2013 Altera Corporation. All rights reserved.
    Info: Your use of Altera Corporation's design tools, logic functions 
    Info: and other software and tools, and its AMPP partner logic 
    Info: functions, and any output files from any of the foregoing 
    Info: (including device programming or simulation files), and any 
    Info: associated documentation or information are expressly subject 
    Info: to the terms and conditions of the Altera Program License 
    Info: Subscription Agreement, Altera MegaCore Function License 
    Info: Agreement, or other applicable license agreement, including, 
    Info: without limitation, that your use is for the sole purpose of 
    Info: programming logic devices manufactured by Altera and sold by 
    Info: Altera or its authorized distributors.  Please refer to the 
    Info: applicable agreement for further details.
    Info: Processing started: Fri May 01 12:51:21 2020
Info: Command: quartus_map mgfsc --source="C:\Users\IFX-radar\Documents\Projects\HD6309 sbc\Repo\hd6309sbc\Hardware\CPLD_1v41\greybox_tmp/greybox_tmp/mgfsc.v" --ini=greybox_disable_cut_checks=on --family=MAX7000S
Info (11104): Parallel Compilation has detected 4 hyper-threaded processors. However, the extra hyper-threaded processors will not be used by default. Parallel Compilation will use 2 of the 2 physical processors detected instead.
Info (12021): Found 1 design units, including 1 entities, in source file mgfsc.v
    Info (12023): Found entity 1: mgfsc
Info (12127): Elaborating entity "mgfsc" for the top level hierarchy
Info (12128): Elaborating entity "lpm_counter" for hierarchy "lpm_counter:mgl_prim1"
Info (12130): Elaborated megafunction instantiation "lpm_counter:mgl_prim1"
Info (12133): Instantiated megafunction "lpm_counter:mgl_prim1" with the following parameter:
    Info (12134): Parameter "lpm_direction" = "UP"
    Info (12134): Parameter "lpm_port_updown" = "PORT_UNUSED"
    Info (12134): Parameter "lpm_type" = "LPM_COUNTER"
    Info (12134): Parameter "lpm_width" = "4"
Info (280013): Promoted pin-driven signal(s) to global signal
    Info (280014): Promoted clock signal driven by pin "clock" to global clock signal
Info (21057): Implemented 10 device resources after synthesis - the final resource count might be different
    Info (21058): Implemented 2 input pins
    Info (21059): Implemented 4 output pins
    Info (21063): Implemented 4 macrocells
Info: Quartus II 64-Bit Analysis & Synthesis was successful. 0 errors, 0 warnings
    Info: Peak virtual memory: 417 megabytes
    Info: Processing ended: Fri May 01 12:51:21 2020
    Info: Elapsed time: 00:00:00
    Info: Total CPU time (on all processors): 00:00:01


